<?xml version="1.0" encoding="UTF-8"?>
<!-- Generated by org.testng.reporters.JUnitReportReporter -->
<testsuite skipped="0" hostname="Marina-PC" name="tests.DashboardTests" tests="1" failures="0" timestamp="08 Jun 2021 20:18:52 GMT" time="55.960" errors="0">
  <testcase name="testTopMenuPages" time="55.960" classname="tests.DashboardTests"/>
</testsuite> <!-- tests.DashboardTests -->
