<?xml version="1.0" encoding="UTF-8"?>
<!-- Generated by org.testng.reporters.JUnitReportReporter -->
<testsuite skipped="0" hostname="Marina-PC" name="tests.StaffPageTests" tests="1" failures="0" timestamp="09 Jun 2021 07:30:36 GMT" time="67.090" errors="0">
  <testcase name="testAddEmployee" time="67.090" classname="tests.StaffPageTests"/>
</testsuite> <!-- tests.StaffPageTests -->
