<?xml version="1.0" encoding="UTF-8"?>
<!-- Generated by org.testng.reporters.JUnitReportReporter -->
<testsuite skipped="0" hostname="Marina-PC" name="tests.SettingsPageTests" tests="1" failures="0" timestamp="08 Jun 2021 18:07:25 GMT" time="55.948" errors="0">
  <testcase name="testChangeLanguage" time="55.948" classname="tests.SettingsPageTests"/>
</testsuite> <!-- tests.SettingsPageTests -->
